Determining if the pthread_create exist failed with the following output:
Change Dir: /home/student/ros/src/ugv_course/gps_sim_project/CMakeFiles/CMakeTmp

Run Build Command:/usr/bin/make "cmTryCompileExec3795993184/fast"
/usr/bin/make -f CMakeFiles/cmTryCompileExec3795993184.dir/build.make CMakeFiles/cmTryCompileExec3795993184.dir/build
make[1]: Entering directory `/home/student/ros/src/ugv_course/gps_sim_project/CMakeFiles/CMakeTmp'
/usr/bin/cmake -E cmake_progress_report /home/student/ros/src/ugv_course/gps_sim_project/CMakeFiles/CMakeTmp/CMakeFiles 1
Building C object CMakeFiles/cmTryCompileExec3795993184.dir/CheckSymbolExists.c.o
/usr/bin/cc    -o CMakeFiles/cmTryCompileExec3795993184.dir/CheckSymbolExists.c.o   -c /home/student/ros/src/ugv_course/gps_sim_project/CMakeFiles/CMakeTmp/CheckSymbolExists.c
Linking C executable cmTryCompileExec3795993184
/usr/bin/cmake -E cmake_link_script CMakeFiles/cmTryCompileExec3795993184.dir/link.txt --verbose=1
/usr/bin/cc       CMakeFiles/cmTryCompileExec3795993184.dir/CheckSymbolExists.c.o  -o cmTryCompileExec3795993184 -rdynamic 
CMakeFiles/cmTryCompileExec3795993184.dir/CheckSymbolExists.c.o: In function `main':
CheckSymbolExists.c:(.text+0x16): undefined reference to `pthread_create'
collect2: error: ld returned 1 exit status
make[1]: Leaving directory `/home/student/ros/src/ugv_course/gps_sim_project/CMakeFiles/CMakeTmp'
make[1]: *** [cmTryCompileExec3795993184] Error 1
make: *** [cmTryCompileExec3795993184/fast] Error 2

File /home/student/ros/src/ugv_course/gps_sim_project/CMakeFiles/CMakeTmp/CheckSymbolExists.c:
/* */
#include <pthread.h>

int main(int argc, char** argv)
{
  (void)argv;
#ifndef pthread_create
  return ((int*)(&pthread_create))[argc];
#else
  (void)argc;
  return 0;
#endif
}

Determining if the function pthread_create exists in the pthreads failed with the following output:
Change Dir: /home/student/ros/src/ugv_course/gps_sim_project/CMakeFiles/CMakeTmp

Run Build Command:/usr/bin/make "cmTryCompileExec1848483068/fast"
/usr/bin/make -f CMakeFiles/cmTryCompileExec1848483068.dir/build.make CMakeFiles/cmTryCompileExec1848483068.dir/build
make[1]: Entering directory `/home/student/ros/src/ugv_course/gps_sim_project/CMakeFiles/CMakeTmp'
/usr/bin/cmake -E cmake_progress_report /home/student/ros/src/ugv_course/gps_sim_project/CMakeFiles/CMakeTmp/CMakeFiles 1
Building C object CMakeFiles/cmTryCompileExec1848483068.dir/CheckFunctionExists.c.o
/usr/bin/cc   -DCHECK_FUNCTION_EXISTS=pthread_create   -o CMakeFiles/cmTryCompileExec1848483068.dir/CheckFunctionExists.c.o   -c /usr/share/cmake-2.8/Modules/CheckFunctionExists.c
Linking C executable cmTryCompileExec1848483068
/usr/bin/cmake -E cmake_link_script CMakeFiles/cmTryCompileExec1848483068.dir/link.txt --verbose=1
/usr/bin/cc   -DCHECK_FUNCTION_EXISTS=pthread_create    CMakeFiles/cmTryCompileExec1848483068.dir/CheckFunctionExists.c.o  -o cmTryCompileExec1848483068 -rdynamic -lpthreads 
/usr/bin/ld: cannot find -lpthreads
collect2: error: ld returned 1 exit status
make[1]: Leaving directory `/home/student/ros/src/ugv_course/gps_sim_project/CMakeFiles/CMakeTmp'
make[1]: *** [cmTryCompileExec1848483068] Error 1
make: *** [cmTryCompileExec1848483068/fast] Error 2


