Determining if the pthread_create exist failed with the following output:
Change Dir: /home/student/ros/src/ugv_course/homework4/CMakeFiles/CMakeTmp

Run Build Command:/usr/bin/make "cmTryCompileExec4239422282/fast"
/usr/bin/make -f CMakeFiles/cmTryCompileExec4239422282.dir/build.make CMakeFiles/cmTryCompileExec4239422282.dir/build
make[1]: Entering directory `/home/student/ros/src/ugv_course/homework4/CMakeFiles/CMakeTmp'
/usr/bin/cmake -E cmake_progress_report /home/student/ros/src/ugv_course/homework4/CMakeFiles/CMakeTmp/CMakeFiles 1
Building C object CMakeFiles/cmTryCompileExec4239422282.dir/CheckSymbolExists.c.o
/usr/bin/cc    -o CMakeFiles/cmTryCompileExec4239422282.dir/CheckSymbolExists.c.o   -c /home/student/ros/src/ugv_course/homework4/CMakeFiles/CMakeTmp/CheckSymbolExists.c
Linking C executable cmTryCompileExec4239422282
/usr/bin/cmake -E cmake_link_script CMakeFiles/cmTryCompileExec4239422282.dir/link.txt --verbose=1
/usr/bin/cc       CMakeFiles/cmTryCompileExec4239422282.dir/CheckSymbolExists.c.o  -o cmTryCompileExec4239422282 -rdynamic 
CMakeFiles/cmTryCompileExec4239422282.dir/CheckSymbolExists.c.o: In function `main':
CheckSymbolExists.c:(.text+0x16): undefined reference to `pthread_create'
collect2: error: ld returned 1 exit status
make[1]: Leaving directory `/home/student/ros/src/ugv_course/homework4/CMakeFiles/CMakeTmp'
make[1]: *** [cmTryCompileExec4239422282] Error 1
make: *** [cmTryCompileExec4239422282/fast] Error 2

File /home/student/ros/src/ugv_course/homework4/CMakeFiles/CMakeTmp/CheckSymbolExists.c:
/* */
#include <pthread.h>

int main(int argc, char** argv)
{
  (void)argv;
#ifndef pthread_create
  return ((int*)(&pthread_create))[argc];
#else
  (void)argc;
  return 0;
#endif
}

Determining if the function pthread_create exists in the pthreads failed with the following output:
Change Dir: /home/student/ros/src/ugv_course/homework4/CMakeFiles/CMakeTmp

Run Build Command:/usr/bin/make "cmTryCompileExec3641086044/fast"
/usr/bin/make -f CMakeFiles/cmTryCompileExec3641086044.dir/build.make CMakeFiles/cmTryCompileExec3641086044.dir/build
make[1]: Entering directory `/home/student/ros/src/ugv_course/homework4/CMakeFiles/CMakeTmp'
/usr/bin/cmake -E cmake_progress_report /home/student/ros/src/ugv_course/homework4/CMakeFiles/CMakeTmp/CMakeFiles 1
Building C object CMakeFiles/cmTryCompileExec3641086044.dir/CheckFunctionExists.c.o
/usr/bin/cc   -DCHECK_FUNCTION_EXISTS=pthread_create   -o CMakeFiles/cmTryCompileExec3641086044.dir/CheckFunctionExists.c.o   -c /usr/share/cmake-2.8/Modules/CheckFunctionExists.c
Linking C executable cmTryCompileExec3641086044
/usr/bin/cmake -E cmake_link_script CMakeFiles/cmTryCompileExec3641086044.dir/link.txt --verbose=1
/usr/bin/cc   -DCHECK_FUNCTION_EXISTS=pthread_create    CMakeFiles/cmTryCompileExec3641086044.dir/CheckFunctionExists.c.o  -o cmTryCompileExec3641086044 -rdynamic -lpthreads 
/usr/bin/ld: cannot find -lpthreads
collect2: error: ld returned 1 exit status
make[1]: Leaving directory `/home/student/ros/src/ugv_course/homework4/CMakeFiles/CMakeTmp'
make[1]: *** [cmTryCompileExec3641086044] Error 1
make: *** [cmTryCompileExec3641086044/fast] Error 2


